[20:42:35] KIP_WORKERS=0
[20:42:35] GPU-Status:
3509 MiB, 32768 MiB, 0 %
[20:42:35] Speicherplatz:
/dev/md0         11T  8.6T  1.4T  87% /workspace/blum
[20:42:35] Split: n_test=148  tools=tool10,tool98  (erwartet 148 / tool10,tool98)
[20:42:35] === START: YOLO26 aug on ===
[stage1] run_id: yolo26_augon_20260714_204238
[stage1] run_dir: /workspace/blum/KIP/results/component_benchmark/yolo26_augon_20260714_204238
Ultralytics 8.4.95 🚀 Python-3.12.3 torch-2.13.0+cu126 CUDA:0 (Tesla V100-DGXS-32GB, 32499MiB)
[34m[1mengine/trainer: [0magnostic_nms=False, amp=True, angle=1.0, augment=False, auto_augment=randaugment, batch=16, bgr=0.0, box=7.5, cache=False, cfg=None, classes=None, close_mosaic=10, cls=0.5, cls_pw=0.0, cls_remap=True, compile=False, conf=None, copy_paste=0.0, copy_paste_mode=flip, cos_lr=False, cutmix=0.0, data=/workspace/blum/KIP/data/object_segmentation_real_v3_1088/data.yaml, degrees=0.0, deterministic=True, device=0, dfl=1.5, dis=6.0, distill_model=None, dnn=False, dropout=0.0, dynamic=False, embed=None, end2end=None, epochs=100, erasing=0.4, exist_ok=True, fliplr=0.5, flipud=0.0, format=torchscript, fraction=1.0, freeze=None, hsv_h=0.015, hsv_s=0.7, hsv_v=0.4, imgsz=1088, iou=0.7, keras=False, kobj=1.0, line_width=None, lr0=0.01, lrf=0.01, mask_ratio=4, max_det=300, mixup=0.0, mode=train, model=yolo26n-seg.pt, momentum=0.937, mosaic=1.0, multi_scale=0.0, name=yolo_train, nbs=64, nms=False, opset=None, optimize=False, optimizer=auto, overlap_mask=True, patience=100, perspective=0.0, plots=True, pose=12.0, pretrained=True, profile=False, project=/workspace/blum/KIP/results/component_benchmark/yolo26_augon_20260714_204238, quantize=None, rect=False, resume=False, retina_masks=False, rle=1.0, save=True, save_conf=False, save_crop=False, save_dir=/workspace/blum/KIP/results/component_benchmark/yolo26_augon_20260714_204238/yolo_train, save_frames=False, save_json=False, save_period=-1, save_txt=False, scale=0.5, seed=42, shear=0.0, show=False, show_boxes=True, show_conf=True, show_labels=True, simplify=True, single_cls=False, source=None, split=val, stream_buffer=False, task=segment, time=None, tracker=tracktrack.yaml, translate=0.1, val=True, verbose=False, vid_stride=1, visualize=False, warmup_bias_lr=0.1, warmup_epochs=3.0, warmup_momentum=0.8, weight_decay=0.0005, workers=0, workspace=None
Overriding model.yaml nc=80 with nc=9

                   from  n    params  module                                       arguments                     
  0                  -1  1       464  ultralytics.nn.modules.conv.Conv             [3, 16, 3, 2]                 
  1                  -1  1      4672  ultralytics.nn.modules.conv.Conv             [16, 32, 3, 2]                
  2                  -1  1      6640  ultralytics.nn.modules.block.C3k2            [32, 64, 1, False, 0.25]      
  3                  -1  1     36992  ultralytics.nn.modules.conv.Conv             [64, 64, 3, 2]                
  4                  -1  1     26080  ultralytics.nn.modules.block.C3k2            [64, 128, 1, False, 0.25]     
  5                  -1  1    147712  ultralytics.nn.modules.conv.Conv             [128, 128, 3, 2]              
  6                  -1  1     87040  ultralytics.nn.modules.block.C3k2            [128, 128, 1, True]           
  7                  -1  1    295424  ultralytics.nn.modules.conv.Conv             [128, 256, 3, 2]              
  8                  -1  1    346112  ultralytics.nn.modules.block.C3k2            [256, 256, 1, True]           
  9                  -1  1    164608  ultralytics.nn.modules.block.SPPF            [256, 256, 5, 3, True]        
 10                  -1  1    249728  ultralytics.nn.modules.block.C2PSA           [256, 256, 1]                 
 11                  -1  1         0  torch.nn.modules.upsampling.Upsample         [None, 2, 'nearest']          
 12             [-1, 6]  1         0  ultralytics.nn.modules.conv.Concat           [1]                           
 13                  -1  1    119808  ultralytics.nn.modules.block.C3k2            [384, 128, 1, True]           
 14                  -1  1         0  torch.nn.modules.upsampling.Upsample         [None, 2, 'nearest']          
 15             [-1, 4]  1         0  ultralytics.nn.modules.conv.Concat           [1]                           
 16                  -1  1     34304  ultralytics.nn.modules.block.C3k2            [256, 64, 1, True]            
 17                  -1  1     36992  ultralytics.nn.modules.conv.Conv             [64, 64, 3, 2]                
 18            [-1, 13]  1         0  ultralytics.nn.modules.conv.Concat           [1]                           
 19                  -1  1     95232  ultralytics.nn.modules.block.C3k2            [192, 128, 1, True]           
 20                  -1  1    147712  ultralytics.nn.modules.conv.Conv             [128, 128, 3, 2]              
 21            [-1, 10]  1         0  ultralytics.nn.modules.conv.Concat           [1]                           
 22                  -1  1    463104  ultralytics.nn.modules.block.C3k2            [384, 256, 1, True, 0.5, True]
 23        [16, 19, 22]  1    794071  ultralytics.nn.modules.head.Segment26        [9, 32, 64, 1, True, [64, 128, 256]]
YOLO26n-seg summary: 309 layers, 3,056,695 parameters, 3,056,695 gradients, 10.2 GFLOPs

Transferred 740/844 items from pretrained weights
[34m[1mAMP: [0mrunning Automatic Mixed Precision (AMP) checks...
[34m[1mAMP: [0mchecks passed ✅
[34m[1mtrain: [0mFast image access ✅ (ping: 0.0±0.0 ms, read: 1902.3±422.6 MB/s, size: 76.0 KB)
[K[34m[1mtrain: [0mScanning /workspace/blum/KIP/data/object_segmentation_real_v3_1088/labels/train... 46 images, 0 backgrounds, 0 corrupt: 6% ╸─────────── 46/713 133.9it/s 0.1s<5.0s[K[34m[1mtrain: [0mScanning /workspace/blum/KIP/data/object_segmentation_real_v3_1088/labels/train... 111 images, 0 backgrounds, 0 corrupt: 15% ━╸────────── 111/713 287.1it/s 0.2s<2.1s[K[34m[1mtrain: [0mScanning /workspace/blum/KIP/data/object_segmentation_real_v3_1088/labels/train... 176 images, 0 backgrounds, 0 corrupt: 24% ━━╸───────── 176/713 395.5it/s 0.3s<1.4s[K[34m[1mtrain: [0mScanning /workspace/blum/KIP/data/object_segmentation_real_v3_1088/labels/train... 236 images, 0 backgrounds, 0 corrupt: 33% ━━━╸──────── 236/713 415.5it/s 0.4s<1.1s[K[34m[1mtrain: [0mScanning /workspace/blum/KIP/data/object_segmentation_real_v3_1088/labels/train... 318 images, 0 backgrounds, 0 corrupt: 44% ━━━━━─────── 318/713 532.0it/s 0.5s<0.7s[K[34m[1mtrain: [0mScanning /workspace/blum/KIP/data/object_segmentation_real_v3_1088/labels/train... 373 images, 0 backgrounds, 0 corrupt: 52% ━━━━━━────── 373/713 529.8it/s 0.6s<0.6s[K[34m[1mtrain: [0mScanning /workspace/blum/KIP/data/object_segmentation_real_v3_1088/labels/train... 446 images, 0 backgrounds, 0 corrupt: 62% ━━━━━━━╸──── 446/713 589.3it/s 0.7s<0.5s[K[34m[1mtrain: [0mScanning /workspace/blum/KIP/data/object_segmentation_real_v3_1088/labels/train... 503 images, 0 backgrounds, 0 corrupt: 70% ━━━━━━━━──── 503/713 580.3it/s 0.8s<0.4s[K[34m[1mtrain: [0mScanning /workspace/blum/KIP/data/object_segmentation_real_v3_1088/labels/train... 567 images, 0 backgrounds, 0 corrupt: 79% ━━━━━━━━━╸── 567/713 594.8it/s 0.9s<0.2s[K[34m[1mtrain: [0mScanning /workspace/blum/KIP/data/object_segmentation_real_v3_1088/labels/train... 624 images, 0 backgrounds, 0 corrupt: 87% ━━━━━━━━━━╸─ 624/713 577.5it/s 1.1s<0.2s[K[34m[1mtrain: [0mScanning /workspace/blum/KIP/data/object_segmentation_real_v3_1088/labels/train... 668 images, 0 backgrounds, 0 corrupt: 93% ━━━━━━━━━━━─ 668/713 526.1it/s 1.2s<0.1s[K[34m[1mtrain: [0mScanning /workspace/blum/KIP/data/object_segmentation_real_v3_1088/labels/train... 713 images, 0 backgrounds, 0 corrupt: 100% ━━━━━━━━━━━━ 713/713 575.8it/s 1.2s
[34m[1mtrain: [0mNew cache created: /workspace/blum/KIP/data/object_segmentation_real_v3_1088/labels/train.cache
Traceback (most recent call last):
  File "/workspace/blum/KIP/scripts/run_stage1.py", line 348, in <module>
    main()
  File "/workspace/blum/KIP/scripts/run_stage1.py", line 191, in main
    ckpt_path = trainer.train()
                ^^^^^^^^^^^^^^^
  File "/workspace/blum/KIP/kip/stage1/yolo_trainer.py", line 108, in train
    model.train(**train_kwargs)
  File "/workspace/blum/venv-kip/lib/python3.12/site-packages/ultralytics/engine/model.py", line 816, in train
    self.trainer.train()
  File "/workspace/blum/venv-kip/lib/python3.12/site-packages/ultralytics/engine/trainer.py", line 241, in train
    self._do_train()
  File "/workspace/blum/venv-kip/lib/python3.12/site-packages/ultralytics/engine/trainer.py", line 390, in _do_train
    self._setup_train()
  File "/workspace/blum/venv-kip/lib/python3.12/site-packages/ultralytics/engine/trainer.py", line 369, in _setup_train
    self._build_train_pipeline()
  File "/workspace/blum/venv-kip/lib/python3.12/site-packages/ultralytics/engine/trainer.py", line 267, in _build_train_pipeline
    self.train_loader = self.get_dataloader(
                        ^^^^^^^^^^^^^^^^^^^^
  File "/workspace/blum/venv-kip/lib/python3.12/site-packages/ultralytics/models/yolo/detect/train.py", line 93, in get_dataloader
    dataset = self.build_dataset(dataset_path, mode, batch_size)
              ^^^^^^^^^^^^^^^^^^^^^^^^^^^^^^^^^^^^^^^^^^^^^^^^^^
  File "/workspace/blum/venv-kip/lib/python3.12/site-packages/ultralytics/models/yolo/detect/train.py", line 77, in build_dataset
    return build_yolo_dataset(self.args, img_path, batch, self.data, mode=mode, rect=mode == "val", stride=gs)
           ^^^^^^^^^^^^^^^^^^^^^^^^^^^^^^^^^^^^^^^^^^^^^^^^^^^^^^^^^^^^^^^^^^^^^^^^^^^^^^^^^^^^^^^^^^^^^^^^^^^
  File "/workspace/blum/venv-kip/lib/python3.12/site-packages/ultralytics/data/build.py", line 264, in build_yolo_dataset
    return dataset(
           ^^^^^^^^
  File "/workspace/blum/venv-kip/lib/python3.12/site-packages/ultralytics/data/dataset.py", line 91, in __init__
    super().__init__(*args, channels=self.data.get("channels", 3), **kwargs)
  File "/workspace/blum/venv-kip/lib/python3.12/site-packages/ultralytics/data/base.py", line 148, in __init__
    self.transforms = self.build_transforms(hyp=hyp)
                      ^^^^^^^^^^^^^^^^^^^^^^^^^^^^^^
  File "/workspace/blum/venv-kip/lib/python3.12/site-packages/ultralytics/data/dataset.py", line 229, in build_transforms
    transforms = v8_transforms(self, self.imgsz, hyp)
                 ^^^^^^^^^^^^^^^^^^^^^^^^^^^^^^^^^^^^
  File "/workspace/blum/venv-kip/lib/python3.12/site-packages/ultralytics/data/augment.py", line 2770, in v8_transforms
    Albumentations(p=1.0, transforms=getattr(hyp, "augmentations", None)),
    ^^^^^^^^^^^^^^^^^^^^^^^^^^^^^^^^^^^^^^^^^^^^^^^^^^^^^^^^^^^^^^^^^^^^^
  File "/workspace/blum/venv-kip/lib/python3.12/site-packages/ultralytics/data/augment.py", line 2055, in __init__
    import albumentations as A
  File "/workspace/blum/venv-kip/lib/python3.12/site-packages/albumentations/__init__.py", line 18, in <module>
    from .augmentations import *
  File "/workspace/blum/venv-kip/lib/python3.12/site-packages/albumentations/augmentations/__init__.py", line 1, in <module>
    from .blur.transforms import *
  File "/workspace/blum/venv-kip/lib/python3.12/site-packages/albumentations/augmentations/blur/transforms.py", line 14, in <module>
    from pydantic import (
  File "/workspace/blum/venv-kip/lib/python3.12/site-packages/pydantic/__init__.py", line 422, in <module>
    _getattr_migration = getattr_migration(__name__)
                         ^^^^^^^^^^^^^^^^^^^^^^^^^^^
  File "/workspace/blum/venv-kip/lib/python3.12/site-packages/pydantic/_migration.py", line 262, in getattr_migration
    from .errors import PydanticImportError
  File "/workspace/blum/venv-kip/lib/python3.12/site-packages/pydantic/errors.py", line 9, in <module>
    from typing_inspection.introspection import Qualifier
  File "/workspace/blum/venv-kip/lib/python3.12/site-packages/typing_inspection/introspection.py", line 14, in <module>
    from . import typing_objects
  File "/workspace/blum/venv-kip/lib/python3.12/site-packages/typing_inspection/typing_objects.py", line 206, in <module>
    is_forwardref = _compile_isinstance_check_function('ForwardRef', 'is_forwardref')
                    ^^^^^^^^^^^^^^^^^^^^^^^^^^^^^^^^^^^^^^^^^^^^^^^^^^^^^^^^^^^^^^^^^
  File "/workspace/blum/venv-kip/lib/python3.12/site-packages/typing_inspection/typing_objects.py", line 133, in _compile_isinstance_check_function
    exec(func_code, globals_, locals_)
  File "<string>", line 0, in <module>
KeyboardInterrupt
